0 info it worked if it ends with ok
1 verbose cli [
1 verbose cli   'C:\\Program Files\\nodejs\\node.exe',
1 verbose cli   'C:\\Users\\Master Admin\\AppData\\Roaming\\npm\\node_modules\\npm\\bin\\npm-cli.js',
1 verbose cli   'install',
1 verbose cli   'react-test-renderer'
1 verbose cli ]
2 info using npm@6.14.8
3 info using node@v12.16.1
4 verbose npm-session bc305a3e967d73e6
5 silly install loadCurrentTree
6 silly install readLocalPackageData
7 timing stage:rollbackFailedOptional Completed in 2ms
8 timing stage:runTopLevelLifecycles Completed in 2052ms
9 verbose stack Error: Failed to parse json
9 verbose stack Unexpected token } in JSON at position 628 while parsing near '...cripts": "3.4.0",
9 verbose stack   },
9 verbose stack   "scripts": {
9 verbose stack   ...'
9 verbose stack     at parseError (C:\Users\Master Admin\AppData\Roaming\npm\node_modules\npm\node_modules\read-package-json\read-json.js:470:11)
9 verbose stack     at parseJson (C:\Users\Master Admin\AppData\Roaming\npm\node_modules\npm\node_modules\read-package-json\read-json.js:105:26)
9 verbose stack     at C:\Users\Master Admin\AppData\Roaming\npm\node_modules\npm\node_modules\read-package-json\read-json.js:52:5
9 verbose stack     at C:\Users\Master Admin\AppData\Roaming\npm\node_modules\npm\node_modules\graceful-fs\graceful-fs.js:123:16
9 verbose stack     at FSReqCallback.readFileAfterClose [as oncomplete] (internal/fs/read_file_context.js:63:3)
10 verbose cwd C:\Users\Master Admin\Desktop\Recipe-finder-capstone-client-master
11 verbose Windows_NT 10.0.18363
12 verbose argv "C:\\Program Files\\nodejs\\node.exe" "C:\\Users\\Master Admin\\AppData\\Roaming\\npm\\node_modules\\npm\\bin\\npm-cli.js" "install" "react-test-renderer"
13 verbose node v12.16.1
14 verbose npm  v6.14.8
15 error code EJSONPARSE
16 error file C:\Users\Master Admin\Desktop\Recipe-finder-capstone-client-master\package.json
17 error JSON.parse Failed to parse json
17 error JSON.parse Unexpected token } in JSON at position 628 while parsing near '...cripts": "3.4.0",
17 error JSON.parse   },
17 error JSON.parse   "scripts": {
17 error JSON.parse   ...'
18 error JSON.parse Failed to parse package.json data.
18 error JSON.parse package.json must be actual JSON, not just JavaScript.
19 verbose exit [ 1, true ]
